0 info it worked if it ends with ok
1 verbose cli [ '/home/ubuntu/.nvm/versions/node/v4.6.1/bin/node',
1 verbose cli   '/home/ubuntu/.nvm/versions/node/v4.6.1/bin/npm',
1 verbose cli   'install',
1 verbose cli   '--save',
1 verbose cli   './local_modules/my-module' ]
2 info using npm@2.15.9
3 info using node@v4.6.1
4 verbose install initial load of /home/ubuntu/workspace/local_modules/login/package.json
5 warn package.json login@1.0.0 No repository field.
6 verbose readDependencies loading dependencies from /home/ubuntu/workspace/local_modules/login/package.json
7 silly cache add args [ './local_modules/my-module', null ]
8 verbose cache add spec ./local_modules/my-module
9 silly cache add parsed spec Result {
9 silly cache add   raw: './local_modules/my-module',
9 silly cache add   scope: null,
9 silly cache add   name: null,
9 silly cache add   rawSpec: './local_modules/my-module',
9 silly cache add   spec: '/home/ubuntu/workspace/local_modules/login/local_modules/my-module',
9 silly cache add   type: 'local' }
10 error addLocal Could not install /home/ubuntu/workspace/local_modules/login/local_modules/my-module
11 verbose stack Error: ENOENT: no such file or directory, open '/home/ubuntu/workspace/local_modules/login/local_modules/my-module'
11 verbose stack     at Error (native)
12 verbose cwd /home/ubuntu/workspace/local_modules/login
13 error Linux 4.8.8-c9
14 error argv "/home/ubuntu/.nvm/versions/node/v4.6.1/bin/node" "/home/ubuntu/.nvm/versions/node/v4.6.1/bin/npm" "install" "--save" "./local_modules/my-module"
15 error node v4.6.1
16 error npm  v2.15.9
17 error path /home/ubuntu/workspace/local_modules/login/local_modules/my-module
18 error code ENOENT
19 error errno -2
20 error syscall open
21 error enoent ENOENT: no such file or directory, open '/home/ubuntu/workspace/local_modules/login/local_modules/my-module'
21 error enoent This is most likely not a problem with npm itself
21 error enoent and is related to npm not being able to find a file.
22 verbose exit [ -2, true ]
